f:\github\drift-estimation-new\dme\dme-gpu\x64\release\vc142.pdb
f:\github\drift-estimation-new\dme\dme-gpu\x64\release\stringutils.obj
f:\github\drift-estimation-new\dme\dme-gpu\x64\release\rendering.obj
x64\release\driftestimation.cu.obj
f:\github\drift-estimation-new\dme\x64\release\dme_cuda.lib
f:\github\drift-estimation-new\dme\x64\release\dme_cuda.exp
f:\github\drift-estimation-new\dme\x64\release\dme_cuda.ipdb
f:\github\drift-estimation-new\dme\x64\release\dme_cuda.iobj
f:\github\drift-estimation-new\dme\x64\release\dme_cuda.mexw64
f:\github\drift-estimation-new\dme\x64\release\dme_cuda.pdb
f:\github\package\drift-estimation-new\dme\dme-gpu\x64\release\driftestimation.cu.cache
f:\github\package\drift-estimation-new\dme\dme-gpu\x64\release\driftestimation.cu.obj
f:\github\package\drift-estimation-new\dme\dme-gpu\x64\release\rendering.obj
f:\github\package\drift-estimation-new\dme\dme-gpu\x64\release\stringutils.obj
f:\github\package\drift-estimation-new\dme\dme-gpu\x64\release\vc142.pdb
f:\github\package\drift-estimation-new\dme\dme-gpu\../x64/release\dme_cuda.mexw64
f:\github\package\drift-estimation-new\dme\dme-gpu\x64\release\dme-cuda.tlog\cl.command.1.tlog
f:\github\package\drift-estimation-new\dme\dme-gpu\x64\release\dme-cuda.tlog\cl.read.1.tlog
f:\github\package\drift-estimation-new\dme\dme-gpu\x64\release\dme-cuda.tlog\cl.write.1.tlog
f:\github\package\drift-estimation-new\dme\dme-gpu\x64\release\dme-cuda.tlog\cudacompile.read.1u.tlog
f:\github\package\drift-estimation-new\dme\dme-gpu\x64\release\dme-cuda.tlog\cudacompile.write.1u.tlog
f:\github\package\drift-estimation-new\dme\dme-gpu\x64\release\dme-cuda.tlog\dme-cuda.write.1u.tlog
f:\github\package\drift-estimation-new\dme\dme-gpu\x64\release\dme-cuda.tlog\link.command.1.tlog
f:\github\package\drift-estimation-new\dme\dme-gpu\x64\release\dme-cuda.tlog\link.read.1.tlog
f:\github\package\drift-estimation-new\dme\dme-gpu\x64\release\dme-cuda.tlog\link.write.1.tlog
