f:\github\package\drift-estimation-new\dme\dme-gpu\x64\debug\vc142.pdb
f:\github\package\drift-estimation-new\dme\dme-gpu\x64\debug\vc142.idb
f:\github\package\drift-estimation-new\dme\dme-gpu\x64\debug\stringutils.obj
f:\github\package\drift-estimation-new\dme\dme-gpu\x64\debug\rendering.obj
x64\debug\driftestimation.cu.obj
f:\github\package\drift-estimation-new\dme\x64\debug\dme_cuda_debug.lib
f:\github\package\drift-estimation-new\dme\x64\debug\dme_cuda_debug.exp
f:\github\package\drift-estimation-new\dme\x64\debug\dme_cuda_debug.ilk
f:\github\package\drift-estimation-new\dme\x64\debug\dme_cuda_debug.mexw64
f:\github\package\drift-estimation-new\dme\x64\debug\dme_cuda_debug.pdb
f:\github\package\drift-estimation-new\dme\dme-gpu\x64\debug\driftestimation.cu.cache
f:\github\package\drift-estimation-new\dme\dme-gpu\x64\debug\driftestimation.cu.obj
f:\github\package\drift-estimation-new\dme\dme-gpu\../x64/debug\dme_cuda_debug.mexw64
f:\github\package\drift-estimation-new\dme\dme-gpu\x64\debug\dme-cuda.tlog\cl.command.1.tlog
f:\github\package\drift-estimation-new\dme\dme-gpu\x64\debug\dme-cuda.tlog\cl.read.1.tlog
f:\github\package\drift-estimation-new\dme\dme-gpu\x64\debug\dme-cuda.tlog\cl.write.1.tlog
f:\github\package\drift-estimation-new\dme\dme-gpu\x64\debug\dme-cuda.tlog\cudacompile.read.1u.tlog
f:\github\package\drift-estimation-new\dme\dme-gpu\x64\debug\dme-cuda.tlog\cudacompile.write.1u.tlog
f:\github\package\drift-estimation-new\dme\dme-gpu\x64\debug\dme-cuda.tlog\dme-cuda.write.1u.tlog
f:\github\package\drift-estimation-new\dme\dme-gpu\x64\debug\dme-cuda.tlog\link.command.1.tlog
f:\github\package\drift-estimation-new\dme\dme-gpu\x64\debug\dme-cuda.tlog\link.read.1.tlog
f:\github\package\drift-estimation-new\dme\dme-gpu\x64\debug\dme-cuda.tlog\link.write.1.tlog
